<?xml version="1.0" encoding="UTF-8"?>
<!-- Generated by org.testng.reporters.JUnitXMLReporter -->
<testsuite ignored="0" hostname="LAPTOP-1D8K0B0C" failures="0" tests="7" name="All Tests" time="164.477" errors="0" timestamp="2024-08-28T15:51:06 IST">
  <testcase classname="tests.StandaloneTest" name="StandAlone_Test" time="22.003"/>
  <testcase classname="tests.DataProviderWithHashMap" name="StandAlone_Test" time="16.54"/>
  <testcase classname="tests.DataProviderWithHashMap" name="StandAlone_Test" time="5.175"/>
  <testcase classname="tests.DataProviderTest" name="StandAlone_Test" time="17.031"/>
  <testcase classname="tests.DataProviderTest" name="StandAlone_Test" time="17.157"/>
  <testcase classname="tests.JsonFileTest" name="StandAlone_Test" time="19.436"/>
  <testcase classname="tests.JsonFileTest" name="StandAlone_Test" time="18.016"/>
</testsuite> <!-- All Tests -->
