<?xml version="1.0" encoding="UTF-8"?>
<testng-results ignored="0" total="1" passed="1" failed="0" skipped="0">
  <reporter-output>
  </reporter-output>
  <suite started-at="2024-08-28T19:59:10 IST" name="Suite" finished-at="2024-08-28T19:59:36 IST" duration-ms="26277">
    <groups>
    </groups>
    <test started-at="2024-08-28T19:59:10 IST" name="StandAlone Test" finished-at="2024-08-28T19:59:36 IST" duration-ms="26277">
      <class name="tests.StandaloneTest">
        <test-method is-config="true" signature="Start()[pri:0, instance:tests.StandaloneTest@8458f04]" started-at="2024-08-28T19:59:10 IST" name="Start" finished-at="2024-08-28T19:59:20 IST" duration-ms="10847" status="PASS">
          <reporter-output>
          </reporter-output>
        </test-method> <!-- Start -->
        <test-method signature="StandAlone_Test()[pri:0, instance:tests.StandaloneTest@8458f04]" started-at="2024-08-28T19:59:20 IST" name="StandAlone_Test" finished-at="2024-08-28T19:59:36 IST" duration-ms="15299" status="PASS">
          <reporter-output>
          </reporter-output>
        </test-method> <!-- StandAlone_Test -->
        <test-method is-config="true" signature="browserClose()[pri:0, instance:tests.StandaloneTest@8458f04]" started-at="2024-08-28T19:59:36 IST" name="browserClose" finished-at="2024-08-28T19:59:36 IST" duration-ms="67" status="PASS">
          <reporter-output>
          </reporter-output>
        </test-method> <!-- browserClose -->
      </class> <!-- tests.StandaloneTest -->
    </test> <!-- StandAlone Test -->
  </suite> <!-- Suite -->
</testng-results>
